[2026-05-26T07:00:19.794Z] Plugin initialized: 3 commands [
  "plannotator-review",
  "plannotator-last",
  "plannotator-annotate"
]
[2026-05-26T07:00:19.802Z] Registered /subtask command
[2026-05-26T07:01:05.974Z] message-hooks: ENTRY msgCount=1, sessions=ses_19ce9b68fffe8ppHm8d1BIPYJ4
[2026-05-26T07:01:05.974Z] message-hooks: MESSAGES: [0]user: text:"Изучи проект", text:"<system-reminder>
# Plan Mode - System R..."(syn)
[2026-05-26T07:01:05.974Z] message-hooks: post-filter, msgCount=1
[2026-05-26T07:01:05.974Z] message-hooks: about to search for OPENCODE_GENERIC
[2026-05-26T07:01:05.974Z] message-hooks: searching 1 messages for OPENCODE_GENERIC
[2026-05-26T07:01:05.974Z] message-hooks: found synthetic text at [0]: "<system-reminder>
# Plan Mode - System Reminder

C..." matches=false
[2026-05-26T07:01:05.974Z] message-hooks: generic search complete, found=false, index=-1
[2026-05-26T07:01:05.974Z] message-hooks: no generic part found, checking for pending prompt return
[2026-05-26T07:01:25.867Z] message-hooks: ENTRY msgCount=2, sessions=ses_19ce9b68fffe8ppHm8d1BIPYJ4
[2026-05-26T07:01:25.867Z] message-hooks: MESSAGES: [0]user: text:"Изучи проект", text:"<system-reminder>
# Plan Mode - System R..."(syn) | [1]assistant: step-start, reasoning, text:"Позвольте мне изучить структуру проекта ...", tool:completed, tool:completed, tool:completed, step-finish, patch
[2026-05-26T07:01:25.867Z] message-hooks: post-filter, msgCount=2
[2026-05-26T07:01:25.867Z] message-hooks: about to search for OPENCODE_GENERIC
[2026-05-26T07:01:25.867Z] message-hooks: searching 2 messages for OPENCODE_GENERIC
[2026-05-26T07:01:25.867Z] message-hooks: found synthetic text at [0]: "<system-reminder>
# Plan Mode - System Reminder

C..." matches=false
[2026-05-26T07:01:25.867Z] message-hooks: generic search complete, found=false, index=-1
[2026-05-26T07:01:25.867Z] message-hooks: no generic part found, checking for pending prompt return
[2026-05-26T07:01:37.131Z] message-hooks: ENTRY msgCount=3, sessions=ses_19ce9b68fffe8ppHm8d1BIPYJ4
[2026-05-26T07:01:37.131Z] message-hooks: MESSAGES: [0]user: text:"Изучи проект", text:"<system-reminder>
# Plan Mode - System R..."(syn) | [1]assistant: step-start, reasoning, text:"Позвольте мне изучить структуру проекта ...", tool:completed, tool:completed, tool:completed, step-finish, patch | [2]assistant: step-start, tool:completed, tool:completed, tool:completed, step-finish, patch
[2026-05-26T07:01:37.131Z] message-hooks: post-filter, msgCount=3
[2026-05-26T07:01:37.131Z] message-hooks: about to search for OPENCODE_GENERIC
[2026-05-26T07:01:37.131Z] message-hooks: searching 3 messages for OPENCODE_GENERIC
[2026-05-26T07:01:37.131Z] message-hooks: found synthetic text at [0]: "<system-reminder>
# Plan Mode - System Reminder

C..." matches=false
[2026-05-26T07:01:37.131Z] message-hooks: generic search complete, found=false, index=-1
[2026-05-26T07:01:37.131Z] message-hooks: no generic part found, checking for pending prompt return
[2026-05-26T07:02:08.212Z] message-hooks: ENTRY msgCount=4, sessions=ses_19ce9b68fffe8ppHm8d1BIPYJ4
[2026-05-26T07:02:08.212Z] message-hooks: MESSAGES: [0]user: text:"Изучи проект", text:"<system-reminder>
# Plan Mode - System R..."(syn) | [1]assistant: step-start, reasoning, text:"Позвольте мне изучить структуру проекта ...", tool:completed, tool:completed, tool:completed, step-finish, patch | [2]assistant: step-start, tool:completed, tool:completed, tool:completed, step-finish, patch | [3]assistant: step-start, text:"Теперь позвольте мне изучить основные па...", tool:completed, tool:completed, tool:completed, tool:completed, tool:completed, tool:completed, step-finish, patch
[2026-05-26T07:02:08.212Z] message-hooks: post-filter, msgCount=4
[2026-05-26T07:02:08.212Z] message-hooks: about to search for OPENCODE_GENERIC
[2026-05-26T07:02:08.212Z] message-hooks: searching 4 messages for OPENCODE_GENERIC
[2026-05-26T07:02:08.212Z] message-hooks: found synthetic text at [0]: "<system-reminder>
# Plan Mode - System Reminder

C..." matches=false
[2026-05-26T07:02:08.212Z] message-hooks: generic search complete, found=false, index=-1
[2026-05-26T07:02:08.212Z] message-hooks: no generic part found, checking for pending prompt return
[2026-05-26T07:02:29.079Z] message-hooks: ENTRY msgCount=5, sessions=ses_19ce9b68fffe8ppHm8d1BIPYJ4
[2026-05-26T07:02:29.079Z] message-hooks: MESSAGES: [0]user: text:"Изучи проект", text:"<system-reminder>
# Plan Mode - System R..."(syn) | [1]assistant: step-start, reasoning, text:"Позвольте мне изучить структуру проекта ...", tool:completed, tool:completed, tool:completed, step-finish, patch | [2]assistant: step-start, tool:completed, tool:completed, tool:completed, step-finish, patch | [3]assistant: step-start, text:"Теперь позвольте мне изучить основные па...", tool:completed, tool:completed, tool:completed, tool:completed, tool:completed, tool:completed, step-finish, patch | [4]assistant: step-start, text:"Теперь давайте проверим покрытие тестами...", tool:completed, tool:completed, tool:completed, step-finish, patch
[2026-05-26T07:02:29.079Z] message-hooks: post-filter, msgCount=5
[2026-05-26T07:02:29.079Z] message-hooks: about to search for OPENCODE_GENERIC
[2026-05-26T07:02:29.079Z] message-hooks: searching 5 messages for OPENCODE_GENERIC
[2026-05-26T07:02:29.079Z] message-hooks: found synthetic text at [0]: "<system-reminder>
# Plan Mode - System Reminder

C..." matches=false
[2026-05-26T07:02:29.079Z] message-hooks: generic search complete, found=false, index=-1
[2026-05-26T07:02:29.079Z] message-hooks: no generic part found, checking for pending prompt return
[2026-05-26T07:02:37.358Z] message-hooks: ENTRY msgCount=6, sessions=ses_19ce9b68fffe8ppHm8d1BIPYJ4
[2026-05-26T07:02:37.358Z] message-hooks: MESSAGES: [0]user: text:"Изучи проект", text:"<system-reminder>
# Plan Mode - System R..."(syn) | [1]assistant: step-start, reasoning, text:"Позвольте мне изучить структуру проекта ...", tool:completed, tool:completed, tool:completed, step-finish, patch | [2]assistant: step-start, tool:completed, tool:completed, tool:completed, step-finish, patch | [3]assistant: step-start, text:"Теперь позвольте мне изучить основные па...", tool:completed, tool:completed, tool:completed, tool:completed, tool:completed, tool:completed, step-finish, patch | [4]assistant: step-start, text:"Теперь давайте проверим покрытие тестами...", tool:completed, tool:completed, tool:completed, step-finish, patch | [5]assistant: step-start, text:"Давайте также проверим CI и последние кл...", tool:completed, tool:completed, step-finish, patch
[2026-05-26T07:02:37.358Z] message-hooks: post-filter, msgCount=6
[2026-05-26T07:02:37.358Z] message-hooks: about to search for OPENCODE_GENERIC
[2026-05-26T07:02:37.358Z] message-hooks: searching 6 messages for OPENCODE_GENERIC
[2026-05-26T07:02:37.358Z] message-hooks: found synthetic text at [0]: "<system-reminder>
# Plan Mode - System Reminder

C..." matches=false
[2026-05-26T07:02:37.359Z] message-hooks: generic search complete, found=false, index=-1
[2026-05-26T07:02:37.359Z] message-hooks: no generic part found, checking for pending prompt return
[2026-05-26T07:03:15.374Z] message-hooks: ENTRY msgCount=8, sessions=ses_19ce9b68fffe8ppHm8d1BIPYJ4
[2026-05-26T07:03:15.374Z] message-hooks: MESSAGES: [0]user: text:"Изучи проект" | [1]assistant: step-start, reasoning, text:"Позвольте мне изучить структуру проекта ...", tool:completed, tool:completed, tool:completed, step-finish, patch | [2]assistant: step-start, tool:completed, tool:completed, tool:completed, step-finish, patch | [3]assistant: step-start, text:"Теперь позвольте мне изучить основные па...", tool:completed, tool:completed, tool:completed, tool:completed, tool:completed, tool:completed, step-finish, patch | [4]assistant: step-start, text:"Теперь давайте проверим покрытие тестами...", tool:completed, tool:completed, tool:completed, step-finish, patch | [5]assistant: step-start, text:"Давайте также проверим CI и последние кл...", tool:completed, tool:completed, step-finish, patch | [6]assistant: step-start, text:"Теперь у меня есть полное понимание. Поз...", tool:completed, step-finish, patch | [7]user: text:"▣ DCP | -13.2K removed, +1K summary

│⣿⣿...", text:"<system-reminder>
# Plan Mode - System R..."(syn)
[2026-05-26T07:03:15.374Z] message-hooks: post-filter, msgCount=8
[2026-05-26T07:03:15.374Z] message-hooks: about to search for OPENCODE_GENERIC
[2026-05-26T07:03:15.374Z] message-hooks: searching 8 messages for OPENCODE_GENERIC
[2026-05-26T07:03:15.374Z] message-hooks: found synthetic text at [7]: "<system-reminder>
# Plan Mode - System Reminder

C..." matches=false
[2026-05-26T07:03:15.374Z] message-hooks: generic search complete, found=false, index=-1
[2026-05-26T07:03:15.374Z] message-hooks: no generic part found, checking for pending prompt return
[2026-05-26T07:03:25.654Z] session.idle: sessionID=ses_19ce9b68fffe8ppHm8d1BIPYJ4
